Determining if the pthread_create exist failed with the following output:
Change Dir: /home/jcl/catkin_ws/src/tunhel/CylModel/build/CMakeFiles/CMakeTmp

Run Build Command:"/usr/bin/make" "cmTC_d71db/fast"
/usr/bin/make -f CMakeFiles/cmTC_d71db.dir/build.make CMakeFiles/cmTC_d71db.dir/build
make[1]: se entra en el directorio '/home/jcl/catkin_ws/src/tunhel/CylModel/build/CMakeFiles/CMakeTmp'
Building C object CMakeFiles/cmTC_d71db.dir/CheckSymbolExists.c.o
/usr/bin/cc     -o CMakeFiles/cmTC_d71db.dir/CheckSymbolExists.c.o   -c /home/jcl/catkin_ws/src/tunhel/CylModel/build/CMakeFiles/CMakeTmp/CheckSymbolExists.c
Linking C executable cmTC_d71db
/usr/bin/cmake -E cmake_link_script CMakeFiles/cmTC_d71db.dir/link.txt --verbose=1
/usr/bin/cc       CMakeFiles/cmTC_d71db.dir/CheckSymbolExists.c.o  -o cmTC_d71db -rdynamic 
CMakeFiles/cmTC_d71db.dir/CheckSymbolExists.c.o: En la función `main':
CheckSymbolExists.c:(.text+0x16): referencia a `pthread_create' sin definir
collect2: error: ld returned 1 exit status
CMakeFiles/cmTC_d71db.dir/build.make:97: fallo en las instrucciones para el objetivo 'cmTC_d71db'
make[1]: *** [cmTC_d71db] Error 1
make[1]: se sale del directorio '/home/jcl/catkin_ws/src/tunhel/CylModel/build/CMakeFiles/CMakeTmp'
Makefile:126: fallo en las instrucciones para el objetivo 'cmTC_d71db/fast'
make: *** [cmTC_d71db/fast] Error 2

File /home/jcl/catkin_ws/src/tunhel/CylModel/build/CMakeFiles/CMakeTmp/CheckSymbolExists.c:
/* */
#include <pthread.h>

int main(int argc, char** argv)
{
  (void)argv;
#ifndef pthread_create
  return ((int*)(&pthread_create))[argc];
#else
  (void)argc;
  return 0;
#endif
}

Determining if the function pthread_create exists in the pthreads failed with the following output:
Change Dir: /home/jcl/catkin_ws/src/tunhel/CylModel/build/CMakeFiles/CMakeTmp

Run Build Command:"/usr/bin/make" "cmTC_7e346/fast"
/usr/bin/make -f CMakeFiles/cmTC_7e346.dir/build.make CMakeFiles/cmTC_7e346.dir/build
make[1]: se entra en el directorio '/home/jcl/catkin_ws/src/tunhel/CylModel/build/CMakeFiles/CMakeTmp'
Building C object CMakeFiles/cmTC_7e346.dir/CheckFunctionExists.c.o
/usr/bin/cc    -DCHECK_FUNCTION_EXISTS=pthread_create   -o CMakeFiles/cmTC_7e346.dir/CheckFunctionExists.c.o   -c /usr/share/cmake-3.5/Modules/CheckFunctionExists.c
Linking C executable cmTC_7e346
/usr/bin/cmake -E cmake_link_script CMakeFiles/cmTC_7e346.dir/link.txt --verbose=1
/usr/bin/cc   -DCHECK_FUNCTION_EXISTS=pthread_create    CMakeFiles/cmTC_7e346.dir/CheckFunctionExists.c.o  -o cmTC_7e346 -rdynamic -lpthreads 
/usr/bin/ld: no se puede encontrar -lpthreads
collect2: error: ld returned 1 exit status
CMakeFiles/cmTC_7e346.dir/build.make:97: fallo en las instrucciones para el objetivo 'cmTC_7e346'
make[1]: *** [cmTC_7e346] Error 1
make[1]: se sale del directorio '/home/jcl/catkin_ws/src/tunhel/CylModel/build/CMakeFiles/CMakeTmp'
Makefile:126: fallo en las instrucciones para el objetivo 'cmTC_7e346/fast'
make: *** [cmTC_7e346/fast] Error 2


